d:\gamebase\dx9game\debug\vc140.pdb
d:\gamebase\dx9game\debug\vc140.idb
d:\gamebase\dx9game\debug\land.obj
d:\gamebase\dx9game\debug\main.obj
d:\gamebase\dx9game\debug\hierarmesh.obj
d:\gamebase\dx9game\debug\meshobj.obj
d:\gamebase\dx9game\debug\myhierarchy.obj
d:\gamebase\dx9game\debug\objectbase.obj
d:\gamebase\dx9game\debug\objectmanager.obj
d:\gamebase\dx9game\debug\particle.obj
d:\gamebase\dx9game\debug\player.obj
d:\gamebase\dx9game\debug\playerhp.obj
d:\gamebase\dx9game\debug\scenebase.obj
d:\gamebase\dx9game\debug\endscene.obj
d:\gamebase\dx9game\debug\scenemanager.obj
d:\gamebase\dx9game\debug\sky.obj
d:\gamebase\dx9game\debug\sword.obj
d:\gamebase\dx9game\debug\titlebg.obj
d:\gamebase\dx9game\debug\titlescene.obj
d:\gamebase\dx9game\debug\tree.obj
d:\gamebase\dx9game\debug\treemanager.obj
d:\gamebase\dx9game\debug\window.obj
d:\gamebase\dx9game\debug\c2dobj.obj
d:\gamebase\dx9game\debug\c3dobj.obj
d:\gamebase\dx9game\debug\camera.obj
d:\gamebase\dx9game\debug\debug.obj
d:\gamebase\dx9game\debug\descriptionscene.obj
d:\gamebase\dx9game\debug\descriptionscenebg.obj
d:\gamebase\dx9game\debug\endbg.obj
d:\gamebase\dx9game\debug\enemy.obj
d:\gamebase\dx9game\debug\fade.obj
d:\gamebase\dx9game\debug\fadebutton.obj
d:\gamebase\dx9game\debug\fire.obj
d:\gamebase\dx9game\debug\gameoverbg.obj
d:\gamebase\dx9game\debug\gameoverscene.obj
d:\gamebase\dx9game\debug\gamescene.obj
d:\gamebase\dx9game\debug\gamewnd.obj
d:\gamebase\dx9game\debug\graphics.obj
d:\gamebase\dx9game\debug\hitcheck.obj
d:\gamebase\dx9game\debug\mesh.obj
d:\gamebase\dx9game\debug\input.obj
d:\gamebase\dx9game\debug\jintai.obj
d:\gamebase\dx9game\debug\billboard.obj
d:\gamebase\debug\dx9game.ilk
d:\gamebase\debug\dx9game.exe
d:\gamebase\debug\dx9game.pdb
d:\gamebase\dx9game\debug\dx9game.tlog\cl.command.1.tlog
d:\gamebase\dx9game\debug\dx9game.tlog\cl.read.1.tlog
d:\gamebase\dx9game\debug\dx9game.tlog\cl.write.1.tlog
d:\gamebase\dx9game\debug\dx9game.tlog\link.command.1.tlog
d:\gamebase\dx9game\debug\dx9game.tlog\link.read.1.tlog
d:\gamebase\dx9game\debug\dx9game.tlog\link.write.1.tlog
