  Billboard.cpp
  C2DObj.cpp
  C3DObj.cpp
  Camera.cpp
  Debug.cpp
  DescriptionScene.cpp
  DescriptionSceneBG.cpp
  EndBG.cpp
  Enemy.cpp
  Fade.cpp
  FadeButton.cpp
  Fire.cpp
  GameOverBG.cpp
  GameOverScene.cpp
  GameScene.cpp
  GameWnd.cpp
  Graphics.cpp
  HitCheck.cpp
  Mesh.cpp
  Input.cpp
  コンパイル中...
  Jintai.cpp
  Land.cpp
  Main.cpp
  HierarMesh.cpp
  MeshObj.cpp
  MyHierarchy.cpp
  ObjectBase.cpp
  ObjectManager.cpp
  Particle.cpp
  Player.cpp
  PlayerHP.cpp
  SceneBase.cpp
  EndScene.cpp
  SceneManager.cpp
  Sky.cpp
  Sword.cpp
  TitleBG.cpp
  TitleScene.cpp
  Tree.cpp
  TreeManager.cpp
  コンパイル中...
  Window.cpp
  コード生成しています。
  All 589 functions were compiled because no usable IPDB/IOBJ from previous compilation was found.
  コード生成が終了しました。
  DX9Game.vcxproj -> D:\GameBase\Release\DX9Game.exe
