d:\gamebase\dx9game\release\vc140.pdb
d:\gamebase\dx9game\release\input.obj
d:\gamebase\dx9game\release\mesh.obj
d:\gamebase\dx9game\release\hitcheck.obj
d:\gamebase\dx9game\release\graphics.obj
d:\gamebase\dx9game\release\gamewnd.obj
d:\gamebase\dx9game\release\gamescene.obj
d:\gamebase\dx9game\release\gameoverscene.obj
d:\gamebase\dx9game\release\gameoverbg.obj
d:\gamebase\dx9game\release\fire.obj
d:\gamebase\dx9game\release\fadebutton.obj
d:\gamebase\dx9game\release\fade.obj
d:\gamebase\dx9game\release\enemy.obj
d:\gamebase\dx9game\release\endbg.obj
d:\gamebase\dx9game\release\descriptionscenebg.obj
d:\gamebase\dx9game\release\descriptionscene.obj
d:\gamebase\dx9game\release\debug.obj
d:\gamebase\dx9game\release\camera.obj
d:\gamebase\dx9game\release\c3dobj.obj
d:\gamebase\dx9game\release\c2dobj.obj
d:\gamebase\dx9game\release\billboard.obj
d:\gamebase\dx9game\release\window.obj
d:\gamebase\dx9game\release\treemanager.obj
d:\gamebase\dx9game\release\tree.obj
d:\gamebase\dx9game\release\titlescene.obj
d:\gamebase\dx9game\release\titlebg.obj
d:\gamebase\dx9game\release\sword.obj
d:\gamebase\dx9game\release\sky.obj
d:\gamebase\dx9game\release\scenemanager.obj
d:\gamebase\dx9game\release\endscene.obj
d:\gamebase\dx9game\release\scenebase.obj
d:\gamebase\dx9game\release\playerhp.obj
d:\gamebase\dx9game\release\player.obj
d:\gamebase\dx9game\release\objectmanager.obj
d:\gamebase\dx9game\release\objectbase.obj
d:\gamebase\dx9game\release\myhierarchy.obj
d:\gamebase\dx9game\release\meshobj.obj
d:\gamebase\dx9game\release\hierarmesh.obj
d:\gamebase\dx9game\release\main.obj
d:\gamebase\dx9game\release\land.obj
d:\gamebase\dx9game\release\jintai.obj
d:\gamebase\dx9game\release\particle.obj
d:\gamebase\release\dx9game.exe
d:\gamebase\release\dx9game.ipdb
d:\gamebase\release\dx9game.iobj
d:\gamebase\release\dx9game.pdb
d:\gamebase\dx9game\release\dx9game.tlog\cl.command.1.tlog
d:\gamebase\dx9game\release\dx9game.tlog\cl.read.1.tlog
d:\gamebase\dx9game\release\dx9game.tlog\cl.write.1.tlog
d:\gamebase\dx9game\release\dx9game.tlog\link.command.1.tlog
d:\gamebase\dx9game\release\dx9game.tlog\link.read.1.tlog
d:\gamebase\dx9game\release\dx9game.tlog\link.write.1.tlog
