c:\users\nhs40199\desktop\dx22_0125\dx22_base00\debug\3dobject.obj
c:\users\nhs40199\desktop\dx22_0125\dx22_base00\debug\billboard.obj
c:\users\nhs40199\desktop\dx22_0125\dx22_base00\debug\camera.obj
c:\users\nhs40199\desktop\dx22_0125\dx22_base00\debug\debug.obj
c:\users\nhs40199\desktop\dx22_0125\dx22_base00\debug\effect.obj
c:\users\nhs40199\desktop\dx22_0125\dx22_base00\debug\ending.obj
c:\users\nhs40199\desktop\dx22_0125\dx22_base00\debug\explosion.obj
c:\users\nhs40199\desktop\dx22_0125\dx22_base00\debug\fade.obj
c:\users\nhs40199\desktop\dx22_0125\dx22_base00\debug\field.obj
c:\users\nhs40199\desktop\dx22_0125\dx22_base00\debug\input.obj
c:\users\nhs40199\desktop\dx22_0125\dx22_base00\debug\item.obj
c:\users\nhs40199\desktop\dx22_0125\dx22_base00\debug\light.obj
c:\users\nhs40199\desktop\dx22_0125\dx22_base00\debug\main.obj
c:\users\nhs40199\desktop\dx22_0125\dx22_base00\debug\message.obj
c:\users\nhs40199\desktop\dx22_0125\dx22_base00\debug\model.obj
c:\users\nhs40199\desktop\dx22_0125\dx22_base00\debug\object.obj
c:\users\nhs40199\desktop\dx22_0125\dx22_base00\debug\shadow.obj
c:\users\nhs40199\desktop\dx22_0125\dx22_base00\debug\sky.obj
c:\users\nhs40199\desktop\dx22_0125\dx22_base00\debug\sound.obj
c:\users\nhs40199\desktop\dx22_0125\dx22_base00\debug\title.obj
c:\users\nhs40199\desktop\dx22_0125\dx22_base00\debug\vc100.pdb
c:\users\nhs40199\desktop\dx22_0125\debug\dx22_base00.ilk
c:\users\nhs40199\desktop\dx22_0125\debug\dx22_base00.exe
c:\users\nhs40199\desktop\dx22_0125\dx22_base00\debug\dx22_base00.exe.intermediate.manifest
c:\users\nhs40199\desktop\dx22_0125\debug\dx22_base00.pdb
c:\users\nhs40199\desktop\dx22_0125\dx22_base00\debug\dx22_base00.exe.embed.manifest
c:\users\nhs40199\desktop\dx22_0125\dx22_base00\debug\dx22_base00.exe.embed.manifest.res
c:\users\mizuki\desktop\dx22_0127\dx22_base00\debug\vc140.pdb
c:\users\mizuki\desktop\dx22_0127\dx22_base00\debug\vc140.idb
c:\users\mizuki\desktop\dx22_0127\dx22_base00\debug\3dobject.obj
c:\users\mizuki\desktop\dx22_0127\dx22_base00\debug\billboard.obj
c:\users\mizuki\desktop\dx22_0127\dx22_base00\debug\camera.obj
c:\users\mizuki\desktop\dx22_0127\dx22_base00\debug\debug.obj
c:\users\mizuki\desktop\dx22_0127\dx22_base00\debug\effect.obj
c:\users\mizuki\desktop\dx22_0127\dx22_base00\debug\ending.obj
c:\users\mizuki\desktop\dx22_0127\dx22_base00\debug\explosion.obj
c:\users\mizuki\desktop\dx22_0127\dx22_base00\debug\fade.obj
c:\users\mizuki\desktop\dx22_0127\dx22_base00\debug\field.obj
c:\users\mizuki\desktop\dx22_0127\dx22_base00\debug\input.obj
c:\users\mizuki\desktop\dx22_0127\dx22_base00\debug\item.obj
c:\users\mizuki\desktop\dx22_0127\dx22_base00\debug\light.obj
c:\users\mizuki\desktop\dx22_0127\dx22_base00\debug\main.obj
c:\users\mizuki\desktop\dx22_0127\dx22_base00\debug\message.obj
c:\users\mizuki\desktop\dx22_0127\dx22_base00\debug\model.obj
c:\users\mizuki\desktop\dx22_0127\dx22_base00\debug\object.obj
c:\users\mizuki\desktop\dx22_0127\dx22_base00\debug\shadow.obj
c:\users\mizuki\desktop\dx22_0127\dx22_base00\debug\sky.obj
c:\users\mizuki\desktop\dx22_0127\dx22_base00\debug\sound.obj
c:\users\mizuki\desktop\dx22_0127\dx22_base00\debug\title.obj
c:\users\yawar\desktop\提出作品\dx22_0216\dx22_base00\debug\vc140.pdb
c:\users\yawar\desktop\提出作品\dx22_0216\dx22_base00\debug\vc140.idb
c:\users\yawar\desktop\提出作品\dx22_0216\dx22_base00\debug\3dobject.obj
c:\users\yawar\desktop\提出作品\dx22_0216\dx22_base00\debug\billboard.obj
c:\users\yawar\desktop\提出作品\dx22_0216\dx22_base00\debug\camera.obj
c:\users\yawar\desktop\提出作品\dx22_0216\dx22_base00\debug\debug.obj
c:\users\yawar\desktop\提出作品\dx22_0216\dx22_base00\debug\effect.obj
c:\users\yawar\desktop\提出作品\dx22_0216\dx22_base00\debug\ending.obj
c:\users\yawar\desktop\提出作品\dx22_0216\dx22_base00\debug\explosion.obj
c:\users\yawar\desktop\提出作品\dx22_0216\dx22_base00\debug\fade.obj
c:\users\yawar\desktop\提出作品\dx22_0216\dx22_base00\debug\field.obj
c:\users\yawar\desktop\提出作品\dx22_0216\dx22_base00\debug\input.obj
c:\users\yawar\desktop\提出作品\dx22_0216\dx22_base00\debug\item.obj
c:\users\yawar\desktop\提出作品\dx22_0216\dx22_base00\debug\light.obj
c:\users\yawar\desktop\提出作品\dx22_0216\dx22_base00\debug\main.obj
c:\users\yawar\desktop\提出作品\dx22_0216\dx22_base00\debug\message.obj
c:\users\yawar\desktop\提出作品\dx22_0216\dx22_base00\debug\model.obj
c:\users\yawar\desktop\提出作品\dx22_0216\dx22_base00\debug\object.obj
c:\users\yawar\desktop\提出作品\dx22_0216\dx22_base00\debug\shadow.obj
c:\users\yawar\desktop\提出作品\dx22_0216\dx22_base00\debug\sky.obj
c:\users\yawar\desktop\提出作品\dx22_0216\dx22_base00\debug\sound.obj
c:\users\yawar\desktop\提出作品\dx22_0216\dx22_base00\debug\title.obj
c:\users\mizuki\desktop\dx22_0127\debug\dx22_base00.ilk
c:\users\mizuki\desktop\dx22_0127\debug\dx22_base00.exe
c:\users\mizuki\desktop\dx22_0127\debug\dx22_base00.pdb
c:\users\yawar\desktop\提出作品\dx22_0216\debug\dx22_base00.ilk
c:\users\yawar\desktop\提出作品\dx22_0216\debug\dx22_base00.exe
c:\users\yawar\desktop\提出作品\dx22_0216\debug\dx22_base00.pdb
c:\users\yawar\desktop\提出作品\dx22_0216\dx22_base00\debug\dx22_base00.vcxprojresolveassemblyreference.cache
c:\users\yawar\desktop\提出作品\dx22_0216\dx22_base00\debug\field.obj.enc
c:\users\yawar\desktop\提出作品\dx22_0216\dx22_base00\debug\item.obj.enc
c:\users\yawar\desktop\提出作品\dx22_0216\dx22_base00\debug\cl.command.1.tlog
c:\users\yawar\desktop\提出作品\dx22_0216\dx22_base00\debug\cl.read.1.tlog
c:\users\yawar\desktop\提出作品\dx22_0216\dx22_base00\debug\cl.write.1.tlog
c:\users\yawar\desktop\提出作品\dx22_0216\dx22_base00\debug\dx22_base00.write.1.tlog
c:\users\yawar\desktop\提出作品\dx22_0216\dx22_base00\debug\link-cvtres.read.1.tlog
c:\users\yawar\desktop\提出作品\dx22_0216\dx22_base00\debug\link-cvtres.write.1.tlog
c:\users\yawar\desktop\提出作品\dx22_0216\dx22_base00\debug\link.1996-cvtres.read.1.tlog
c:\users\yawar\desktop\提出作品\dx22_0216\dx22_base00\debug\link.1996-cvtres.write.1.tlog
c:\users\yawar\desktop\提出作品\dx22_0216\dx22_base00\debug\link.1996.read.1.tlog
c:\users\yawar\desktop\提出作品\dx22_0216\dx22_base00\debug\link.1996.write.1.tlog
c:\users\yawar\desktop\提出作品\dx22_0216\dx22_base00\debug\link.4616-cvtres.read.1.tlog
c:\users\yawar\desktop\提出作品\dx22_0216\dx22_base00\debug\link.4616-cvtres.write.1.tlog
c:\users\yawar\desktop\提出作品\dx22_0216\dx22_base00\debug\link.4616.read.1.tlog
c:\users\yawar\desktop\提出作品\dx22_0216\dx22_base00\debug\link.4616.write.1.tlog
c:\users\yawar\desktop\提出作品\dx22_0216\dx22_base00\debug\link.command.1.tlog
c:\users\yawar\desktop\提出作品\dx22_0216\dx22_base00\debug\link.read.1.tlog
c:\users\yawar\desktop\提出作品\dx22_0216\dx22_base00\debug\link.write.1.tlog
c:\users\yawar\desktop\提出作品\dx22_0216\dx22_base00\debug\mt.command.1.tlog
c:\users\yawar\desktop\提出作品\dx22_0216\dx22_base00\debug\mt.read.1.tlog
c:\users\yawar\desktop\提出作品\dx22_0216\dx22_base00\debug\mt.write.1.tlog
c:\users\yawar\desktop\提出作品\dx22_0216\dx22_base00\debug\rc.command.1.tlog
c:\users\yawar\desktop\提出作品\dx22_0216\dx22_base00\debug\rc.read.1.tlog
c:\users\yawar\desktop\提出作品\dx22_0216\dx22_base00\debug\rc.write.1.tlog
c:\users\yawar\desktop\提出作品\dx22_0216\dx22_base00\debug\dx22_base00.exe.embed.manifest
c:\users\yawar\desktop\提出作品\dx22_0216\dx22_base00\debug\dx22_base00.exe.intermediate.manifest
c:\users\yawar\desktop\提出作品\dx22_0216\dx22_base00\debug\dx22_base00.exe.embed.manifest.res
c:\users\yawar\desktop\提出作品\dx22_0216\dx22_base00\debug\vc100.idb
c:\users\yawar\desktop\提出作品\dx22_0216\dx22_base00\debug\vc100.pdb
c:\users\yawar\desktop\提出作品\dx22_0216\dx22_base00\debug\dx22_base00_manifest.rc
c:\users\yawar\desktop\提出作品\dx22_0216\dx22_base00\debug\dx22_base00.tlog\cl.command.1.tlog
c:\users\yawar\desktop\提出作品\dx22_0216\dx22_base00\debug\dx22_base00.tlog\cl.read.1.tlog
c:\users\yawar\desktop\提出作品\dx22_0216\dx22_base00\debug\dx22_base00.tlog\cl.write.1.tlog
c:\users\yawar\desktop\提出作品\dx22_0216\dx22_base00\debug\dx22_base00.tlog\link.command.1.tlog
c:\users\yawar\desktop\提出作品\dx22_0216\dx22_base00\debug\dx22_base00.tlog\link.read.1.tlog
c:\users\yawar\desktop\提出作品\dx22_0216\dx22_base00\debug\dx22_base00.tlog\link.write.1.tlog
