c:\users\nhs40199\desktop\dx22_0125\dx22_base00\release\title.obj
c:\users\nhs40199\desktop\dx22_0125\dx22_base00\release\sound.obj
c:\users\nhs40199\desktop\dx22_0125\dx22_base00\release\sky.obj
c:\users\nhs40199\desktop\dx22_0125\dx22_base00\release\shadow.obj
c:\users\nhs40199\desktop\dx22_0125\dx22_base00\release\object.obj
c:\users\nhs40199\desktop\dx22_0125\dx22_base00\release\model.obj
c:\users\nhs40199\desktop\dx22_0125\dx22_base00\release\message.obj
c:\users\nhs40199\desktop\dx22_0125\dx22_base00\release\main.obj
c:\users\nhs40199\desktop\dx22_0125\dx22_base00\release\light.obj
c:\users\nhs40199\desktop\dx22_0125\dx22_base00\release\item.obj
c:\users\nhs40199\desktop\dx22_0125\dx22_base00\release\input.obj
c:\users\nhs40199\desktop\dx22_0125\dx22_base00\release\field.obj
c:\users\nhs40199\desktop\dx22_0125\dx22_base00\release\fade.obj
c:\users\nhs40199\desktop\dx22_0125\dx22_base00\release\explosion.obj
c:\users\nhs40199\desktop\dx22_0125\dx22_base00\release\ending.obj
c:\users\nhs40199\desktop\dx22_0125\dx22_base00\release\effect.obj
c:\users\nhs40199\desktop\dx22_0125\dx22_base00\release\debug.obj
c:\users\nhs40199\desktop\dx22_0125\dx22_base00\release\camera.obj
c:\users\nhs40199\desktop\dx22_0125\dx22_base00\release\billboard.obj
c:\users\nhs40199\desktop\dx22_0125\dx22_base00\release\3dobject.obj
c:\users\nhs40199\desktop\dx22_0125\dx22_base00\release\vc100.pdb
c:\users\nhs40199\desktop\dx22_0125\release\dx22_base00.exe
c:\users\nhs40199\desktop\dx22_0125\dx22_base00\release\dx22_base00.exe.intermediate.manifest
c:\users\nhs40199\desktop\dx22_0125\release\dx22_base00.pdb
c:\users\mizuki\desktop\dx22_0111_02\dx22_base00\release\vc140.pdb
c:\users\mizuki\desktop\dx22_0111_02\dx22_base00\release\title.obj
c:\users\mizuki\desktop\dx22_0111_02\dx22_base00\release\sound.obj
c:\users\mizuki\desktop\dx22_0111_02\dx22_base00\release\shadow.obj
c:\users\mizuki\desktop\dx22_0111_02\dx22_base00\release\model.obj
c:\users\mizuki\desktop\dx22_0111_02\dx22_base00\release\light.obj
c:\users\mizuki\desktop\dx22_0111_02\dx22_base00\release\input.obj
c:\users\mizuki\desktop\dx22_0111_02\dx22_base00\release\field.obj
c:\users\mizuki\desktop\dx22_0111_02\dx22_base00\release\fade.obj
c:\users\mizuki\desktop\dx22_0111_02\dx22_base00\release\explosion.obj
c:\users\mizuki\desktop\dx22_0111_02\dx22_base00\release\ending.obj
c:\users\mizuki\desktop\dx22_0111_02\dx22_base00\release\effect.obj
c:\users\mizuki\desktop\dx22_0111_02\dx22_base00\release\camera.obj
c:\users\mizuki\desktop\dx22_0111_02\dx22_base00\release\billboard.obj
c:\users\mizuki\desktop\dx22_0125\dx22_base00\release\vc140.pdb
c:\users\mizuki\desktop\dx22_0125\dx22_base00\release\title.obj
c:\users\mizuki\desktop\dx22_0125\dx22_base00\release\sound.obj
c:\users\mizuki\desktop\dx22_0125\dx22_base00\release\sky.obj
c:\users\mizuki\desktop\dx22_0125\dx22_base00\release\shadow.obj
c:\users\mizuki\desktop\dx22_0125\dx22_base00\release\object.obj
c:\users\mizuki\desktop\dx22_0125\dx22_base00\release\model.obj
c:\users\mizuki\desktop\dx22_0125\dx22_base00\release\message.obj
c:\users\mizuki\desktop\dx22_0125\dx22_base00\release\main.obj
c:\users\mizuki\desktop\dx22_0125\dx22_base00\release\light.obj
c:\users\mizuki\desktop\dx22_0125\dx22_base00\release\item.obj
c:\users\mizuki\desktop\dx22_0125\dx22_base00\release\input.obj
c:\users\mizuki\desktop\dx22_0125\dx22_base00\release\field.obj
c:\users\mizuki\desktop\dx22_0125\dx22_base00\release\fade.obj
c:\users\mizuki\desktop\dx22_0125\dx22_base00\release\explosion.obj
c:\users\mizuki\desktop\dx22_0125\dx22_base00\release\ending.obj
c:\users\mizuki\desktop\dx22_0125\dx22_base00\release\effect.obj
c:\users\mizuki\desktop\dx22_0125\dx22_base00\release\debug.obj
c:\users\mizuki\desktop\dx22_0125\dx22_base00\release\camera.obj
c:\users\mizuki\desktop\dx22_0125\dx22_base00\release\billboard.obj
c:\users\mizuki\desktop\dx22_0125\dx22_base00\release\3dobject.obj
c:\users\mizuki\desktop\dx22_0125\release\dx22_base00.exe
c:\users\mizuki\desktop\dx22_0125\release\dx22_base00.ipdb
c:\users\mizuki\desktop\dx22_0125\release\dx22_base00.iobj
c:\users\mizuki\desktop\dx22_0125\release\dx22_base00.pdb
c:\users\yawar\desktop\提出作品\dx22_0216\dx22_base00\release\3dobject.obj
c:\users\yawar\desktop\提出作品\dx22_0216\dx22_base00\release\billboard.obj
c:\users\yawar\desktop\提出作品\dx22_0216\dx22_base00\release\camera.obj
c:\users\yawar\desktop\提出作品\dx22_0216\dx22_base00\release\debug.obj
c:\users\yawar\desktop\提出作品\dx22_0216\dx22_base00\release\effect.obj
c:\users\yawar\desktop\提出作品\dx22_0216\dx22_base00\release\ending.obj
c:\users\yawar\desktop\提出作品\dx22_0216\dx22_base00\release\explosion.obj
c:\users\yawar\desktop\提出作品\dx22_0216\dx22_base00\release\fade.obj
c:\users\yawar\desktop\提出作品\dx22_0216\dx22_base00\release\field.obj
c:\users\yawar\desktop\提出作品\dx22_0216\dx22_base00\release\input.obj
c:\users\yawar\desktop\提出作品\dx22_0216\dx22_base00\release\item.obj
c:\users\yawar\desktop\提出作品\dx22_0216\dx22_base00\release\light.obj
c:\users\yawar\desktop\提出作品\dx22_0216\dx22_base00\release\main.obj
c:\users\yawar\desktop\提出作品\dx22_0216\dx22_base00\release\message.obj
c:\users\yawar\desktop\提出作品\dx22_0216\dx22_base00\release\model.obj
c:\users\yawar\desktop\提出作品\dx22_0216\dx22_base00\release\object.obj
c:\users\yawar\desktop\提出作品\dx22_0216\dx22_base00\release\shadow.obj
c:\users\yawar\desktop\提出作品\dx22_0216\dx22_base00\release\sky.obj
c:\users\yawar\desktop\提出作品\dx22_0216\dx22_base00\release\sound.obj
c:\users\yawar\desktop\提出作品\dx22_0216\dx22_base00\release\title.obj
c:\users\yawar\desktop\提出作品\dx22_0216\dx22_base00\release\cl.command.1.tlog
c:\users\yawar\desktop\提出作品\dx22_0216\dx22_base00\release\cl.read.1.tlog
c:\users\yawar\desktop\提出作品\dx22_0216\dx22_base00\release\cl.write.1.tlog
c:\users\yawar\desktop\提出作品\dx22_0216\dx22_base00\release\dx22_base00.write.1.tlog
c:\users\yawar\desktop\提出作品\dx22_0216\dx22_base00\release\link.command.1.tlog
c:\users\yawar\desktop\提出作品\dx22_0216\dx22_base00\release\link.read.1.tlog
c:\users\yawar\desktop\提出作品\dx22_0216\dx22_base00\release\link.write.1.tlog
c:\users\yawar\desktop\提出作品\dx22_0216\dx22_base00\release\mt.command.1.tlog
c:\users\yawar\desktop\提出作品\dx22_0216\dx22_base00\release\mt.read.1.tlog
c:\users\yawar\desktop\提出作品\dx22_0216\dx22_base00\release\mt.write.1.tlog
c:\users\yawar\desktop\提出作品\dx22_0216\dx22_base00\release\dx22_base00.exe.intermediate.manifest
c:\users\yawar\desktop\提出作品\dx22_0216\dx22_base00\release\vc100.pdb
c:\users\yawar\desktop\提出作品\dx22_0216\release\dx22_base00.pdb
c:\users\yawar\desktop\提出作品\dx22_0216\release\dx22_base00.exe
c:\users\yawar\desktop\提出作品\dx22_0216\dx22_base00\release\dx22_base00.tlog\cl.command.1.tlog
c:\users\yawar\desktop\提出作品\dx22_0216\dx22_base00\release\dx22_base00.tlog\cl.read.1.tlog
c:\users\yawar\desktop\提出作品\dx22_0216\dx22_base00\release\dx22_base00.tlog\cl.write.1.tlog
c:\users\yawar\desktop\提出作品\dx22_0216\dx22_base00\release\dx22_base00.tlog\link.command.1.tlog
c:\users\yawar\desktop\提出作品\dx22_0216\dx22_base00\release\dx22_base00.tlog\link.read.1.tlog
c:\users\yawar\desktop\提出作品\dx22_0216\dx22_base00\release\dx22_base00.tlog\link.write.1.tlog
